#
# There is insufficient memory for the Java Runtime Environment to continue.
# Native memory allocation (mmap) failed to map 268435456 bytes for G1 virtual space
# Possible reasons:
#   The system is out of physical RAM or swap space
#   The process is running with CompressedOops enabled, and the Java Heap may be blocking the growth of the native heap
# Possible solutions:
#   Reduce memory load on the system
#   Increase physical memory or swap space
#   Check if swap backing store is full
#   Decrease Java heap size (-Xmx/-Xms)
#   Decrease number of Java threads
#   Decrease Java thread stack sizes (-Xss)
#   Set larger code cache with -XX:ReservedCodeCacheSize=
#   JVM is running with Zero Based Compressed Oops mode in which the Java heap is
#     placed in the first 32GB address space. The Java Heap base address is the
#     maximum limit for the native heap growth. Please use -XX:HeapBaseMinAddress
#     to set the Java Heap base and to place the Java Heap above 32GB virtual address.
# This output file may be truncated or incomplete.
#
#  Out of Memory Error (os_windows.cpp:3600), pid=2872, tid=8868
#
# JRE version:  (21.0.2+13) (build )
# Java VM: Java HotSpot(TM) 64-Bit Server VM (21.0.2+13-LTS-58, mixed mode, sharing, tiered, compressed oops, compressed class ptrs, g1 gc, windows-amd64)
# No core dump will be written. Minidumps are not enabled by default on client versions of Windows
#

---------------  S U M M A R Y ------------

Command Line: -Dfile.encoding=UTF-8 --module-path=C:\Users\Rhodz\Documents\NetBeansProjects\Momo\build\classes momo.Momo

Host: AMD Ryzen 3 3200G with Radeon Vega Graphics    , 4 cores, 15G,  Windows 10 , 64 bit Build 19041 (10.0.19041.3636)
Time: Sun Mar 17 23:01:04 2024 China Standard Time elapsed time: 0.071266 seconds (0d 0h 0m 0s)

---------------  T H R E A D  ---------------

Current thread (0x000001d81d8971b0):  JavaThread "Unknown thread" [_thread_in_vm, id=8868, stack(0x0000006bc2300000,0x0000006bc2400000) (1024K)]

Stack: [0x0000006bc2300000,0x0000006bc2400000]
Native frames: (J=compiled Java code, j=interpreted, Vv=VM code, C=native code)
V  [jvm.dll+0x6cade9]
V  [jvm.dll+0x8569c1]
V  [jvm.dll+0x858d2e]
V  [jvm.dll+0x859413]
V  [jvm.dll+0x280e56]
V  [jvm.dll+0x6c74d5]
V  [jvm.dll+0x6bbeca]
V  [jvm.dll+0x355bca]
V  [jvm.dll+0x35d816]
V  [jvm.dll+0x3ae67e]
V  [jvm.dll+0x3ae928]
V  [jvm.dll+0x3295dc]
V  [jvm.dll+0x32a16b]
V  [jvm.dll+0x81efa9]
V  [jvm.dll+0x3bba01]
V  [jvm.dll+0x807928]
V  [jvm.dll+0x44f50e]
V  [jvm.dll+0x450e11]
C  [jli.dll+0x52a3]
C  [ucrtbase.dll+0x21bb2]
C  [KERNEL32.DLL+0x17344]
C  [ntdll.dll+0x526b1]


---------------  P R O C E S S  ---------------

Threads class SMR info:
_java_thread_list=0x00007ff8be32bb88, length=0, elements={
}

Java Threads: ( => current thread )
Total: 0

Other Threads:
  0x000001d81f9cc6a0 WorkerThread "GC Thread#0"                     [id=9740, stack(0x0000006bc2400000,0x0000006bc2500000) (1024K)]
  0x000001d81f9dfeb0 ConcurrentGCThread "G1 Main Marker"            [id=3440, stack(0x0000006bc2500000,0x0000006bc2600000) (1024K)]
  0x000001d81f9e2620 WorkerThread "G1 Conc#0"                       [id=8588, stack(0x0000006bc2600000,0x0000006bc2700000) (1024K)]

[error occurred during error reporting (printing all threads), id 0xc0000005, EXCEPTION_ACCESS_VIOLATION (0xc0000005) at pc=0x00007ff8bda9c6a7]
VM state: not at safepoint (not fully initialized)

VM Mutex/Monitor currently owned by a thread:  ([mutex/lock_event])
[0x00007ff8be39ce68] Heap_lock - owner thread: 0x000001d81d8971b0

Heap address: 0x0000000700c00000, size: 4084 MB, Compressed Oops mode: Zero based, Oop shift amount: 3

CDS archive(s) mapped at: [0x0000000000000000-0x0000000000000000-0x0000000000000000), size 0, SharedBaseAddress: 0x0000000800000000, ArchiveRelocationMode: 1.
Narrow klass base: 0x0000000000000000, Narrow klass shift: 0, Narrow klass range: 0x0

GC Precious Log:
 CardTable entry size: 512
 Card Set container configuration: InlinePtr #cards 4 size 8 Array Of Cards #cards 16 size 48 Howl #buckets 8 coarsen threshold 3686 Howl Bitmap #cards 512 size 80 coarsen threshold 460 Card regions per heap region 1 cards per card region 4096

Heap:
 garbage-first heap   total 0K, used 0K [0x0000000700c00000, 0x0000000800000000)
  region size 2048K, 0 young (0K), 0 survivors (0K)

[error occurred during error reporting (printing heap information), id 0xc0000005, EXCEPTION_ACCESS_VIOLATION (0xc0000005) at pc=0x00007ff8bde839f9]
GC Heap History (0 events):
No events

Dll operation events (1 events):
Event: 0.012 Loaded shared library D:\Netbeans\JDK\bin\java.dll

Deoptimization events (0 events):
No events

Classes loaded (0 events):
No events

Classes unloaded (0 events):
No events

Classes redefined (0 events):
No events

Internal exceptions (0 events):
No events

ZGC Phase Switch (0 events):
No events

VM Operations (0 events):
No events

Events (0 events):
No events


Dynamic libraries:
0x00007ff6b2570000 - 0x00007ff6b2580000 	D:\Netbeans\JDK\bin\java.exe
0x00007ff93ccd0000 - 0x00007ff93cec8000 	C:\WINDOWS\SYSTEM32\ntdll.dll
0x00007ff93bf60000 - 0x00007ff93c01d000 	C:\WINDOWS\System32\KERNEL32.DLL
0x00007ff93a680000 - 0x00007ff93a976000 	C:\WINDOWS\System32\KERNELBASE.dll
0x00007ff93aab0000 - 0x00007ff93abb0000 	C:\WINDOWS\System32\ucrtbase.dll
0x00007ff9343c0000 - 0x00007ff9343db000 	D:\Netbeans\JDK\bin\VCRUNTIME140.dll
0x00007ff919d80000 - 0x00007ff919d99000 	D:\Netbeans\JDK\bin\jli.dll
0x00007ff93b720000 - 0x00007ff93b7d0000 	C:\WINDOWS\System32\ADVAPI32.dll
0x00007ff93ad00000 - 0x00007ff93ad9e000 	C:\WINDOWS\System32\msvcrt.dll
0x00007ff93b160000 - 0x00007ff93b200000 	C:\WINDOWS\System32\sechost.dll
0x00007ff93c330000 - 0x00007ff93c455000 	C:\WINDOWS\System32\RPCRT4.dll
0x00007ff93a650000 - 0x00007ff93a677000 	C:\WINDOWS\System32\bcrypt.dll
0x00007ff93bc20000 - 0x00007ff93bdbe000 	C:\WINDOWS\System32\USER32.dll
0x00007ff93acd0000 - 0x00007ff93acf2000 	C:\WINDOWS\System32\win32u.dll
0x00007ff93b200000 - 0x00007ff93b22b000 	C:\WINDOWS\System32\GDI32.dll
0x00007ff93abb0000 - 0x00007ff93acc7000 	C:\WINDOWS\System32\gdi32full.dll
0x00007ff93aa10000 - 0x00007ff93aaad000 	C:\WINDOWS\System32\msvcp_win.dll
0x00007ff928700000 - 0x00007ff92899a000 	C:\WINDOWS\WinSxS\amd64_microsoft.windows.common-controls_6595b64144ccf1df_6.0.19041.3636_none_60b6a03d71f818d5\COMCTL32.dll
0x00007ff932ff0000 - 0x00007ff932ffa000 	C:\WINDOWS\SYSTEM32\VERSION.dll
0x00007ff93cc50000 - 0x00007ff93cc82000 	C:\WINDOWS\System32\IMM32.DLL
0x00007ff9359d0000 - 0x00007ff9359dc000 	D:\Netbeans\JDK\bin\vcruntime140_1.dll
0x00007ff911950000 - 0x00007ff9119de000 	D:\Netbeans\JDK\bin\msvcp140.dll
0x00007ff8bd760000 - 0x00007ff8be477000 	D:\Netbeans\JDK\bin\server\jvm.dll
0x00007ff93c470000 - 0x00007ff93c4db000 	C:\WINDOWS\System32\WS2_32.dll
0x00007ff939920000 - 0x00007ff93996b000 	C:\WINDOWS\SYSTEM32\POWRPROF.dll
0x00007ff92c6e0000 - 0x00007ff92c707000 	C:\WINDOWS\SYSTEM32\WINMM.dll
0x00007ff939790000 - 0x00007ff9397a2000 	C:\WINDOWS\SYSTEM32\UMPDC.dll
0x00007ff938250000 - 0x00007ff938262000 	C:\WINDOWS\SYSTEM32\kernel.appcore.dll
0x00007ff931270000 - 0x00007ff93127a000 	D:\Netbeans\JDK\bin\jimage.dll
0x00007ff92ac70000 - 0x00007ff92ae54000 	C:\WINDOWS\SYSTEM32\DBGHELP.DLL
0x00007ff91f640000 - 0x00007ff91f674000 	C:\WINDOWS\SYSTEM32\dbgcore.DLL
0x00007ff93a980000 - 0x00007ff93aa02000 	C:\WINDOWS\System32\bcryptPrimitives.dll
0x00007ff9339a0000 - 0x00007ff9339bf000 	D:\Netbeans\JDK\bin\java.dll

dbghelp: loaded successfully - version: 4.0.5 - missing functions: none
symbol engine: initialized successfully - sym options: 0x614 - pdb path: .;D:\Netbeans\JDK\bin;C:\WINDOWS\SYSTEM32;C:\WINDOWS\WinSxS\amd64_microsoft.windows.common-controls_6595b64144ccf1df_6.0.19041.3636_none_60b6a03d71f818d5;D:\Netbeans\JDK\bin\server

VM Arguments:
jvm_args: -Dfile.encoding=UTF-8 --module-path=C:\Users\Rhodz\Documents\NetBeansProjects\Momo\build\classes 
java_command: momo.Momo
java_class_path (initial): C:\Users\Rhodz\Documents\NetBeansProjects\Momo\build\classes
Launcher Type: SUN_STANDARD

[Global flags]
     intx CICompilerCount                          = 3                                         {product} {ergonomic}
     uint ConcGCThreads                            = 1                                         {product} {ergonomic}
     uint G1ConcRefinementThreads                  = 4                                         {product} {ergonomic}
   size_t G1HeapRegionSize                         = 2097152                                   {product} {ergonomic}
    uintx GCDrainStackTargetSize                   = 64                                        {product} {ergonomic}
   size_t InitialHeapSize                          = 268435456                                 {product} {ergonomic}
   size_t MarkStackSize                            = 4194304                                   {product} {ergonomic}
   size_t MaxHeapSize                              = 4282384384                                {product} {ergonomic}
   size_t MinHeapDeltaBytes                        = 2097152                                   {product} {ergonomic}
   size_t MinHeapSize                              = 8388608                                   {product} {ergonomic}
    uintx NonNMethodCodeHeapSize                   = 5832780                                {pd product} {ergonomic}
    uintx NonProfiledCodeHeapSize                  = 122912730                              {pd product} {ergonomic}
    uintx ProfiledCodeHeapSize                     = 122912730                              {pd product} {ergonomic}
    uintx ReservedCodeCacheSize                    = 251658240                              {pd product} {ergonomic}
     bool SegmentedCodeCache                       = true                                      {product} {ergonomic}
   size_t SoftMaxHeapSize                          = 4282384384                             {manageable} {ergonomic}
     bool UseCompressedOops                        = true                           {product lp64_product} {ergonomic}
     bool UseG1GC                                  = true                                      {product} {ergonomic}
     bool UseLargePagesIndividualAllocation        = false                                  {pd product} {ergonomic}

Logging:
Log output configuration:
 #0: stdout all=warning uptime,level,tags foldmultilines=false
 #1: stderr all=off uptime,level,tags foldmultilines=false

Environment Variables:
PATH=C:\Program Files (x86)\Common Files\Intel\Shared Libraries\redist\intel64\compiler;C:\Program Files\Common Files\Oracle\Java\javapath;C:\Program Files (x86)\Common Files\Oracle\Java\javapath;C:\WINDOWS\system32;C:\WINDOWS;C:\WINDOWS\System32\Wbem;C:\WINDOWS\System32\WindowsPowerShell\v1.0\;C:\WINDOWS\System32\OpenSSH\;C:\Program Files (x86)\NVIDIA Corporation\PhysX\Common;C:\Program Files\NVIDIA Corporation\NVIDIA NvDLISR;C:\Program Files\dotnet\;C:\Program Files\MySQL\MySQL Shell 8.0\bin\;C:\Users\Rhodz\AppData\Local\Microsoft\WindowsApps;;D:\Computer Coding Software\Visual Studio\Microsoft VS Code\bin
USERNAME=Rhodz
OS=Windows_NT
PROCESSOR_IDENTIFIER=AMD64 Family 23 Model 24 Stepping 1, AuthenticAMD
TMP=C:\Users\Rhodz\AppData\Local\Temp
TEMP=C:\Users\Rhodz\AppData\Local\Temp




Periodic native trim disabled

---------------  S Y S T E M  ---------------

OS:
 Windows 10 , 64 bit Build 19041 (10.0.19041.3636)
OS uptime: 0 days 15:17 hours

CPU: total 4 (initial active 4) (4 cores per cpu, 1 threads per core) family 23 model 24 stepping 1 microcode 0x0, cx8, cmov, fxsr, mmx, 3dnowpref, sse, sse2, sse3, ssse3, sse4a, sse4.1, sse4.2, popcnt, lzcnt, tsc, tscinvbit, avx, avx2, aes, clmul, bmi1, bmi2, adx, sha, fma, vzeroupper, clflush, clflushopt, rdtscp, f16c
Processor Information for all 4 processors :
  Max Mhz: 3600, Current Mhz: 3600, Mhz Limit: 3600

Memory: 4k page, system-wide physical 16332M (3855M free)
TotalPageFile size 18344M (AvailPageFile size 195M)
current process WorkingSet (physical memory assigned to process): 11M, peak: 11M
current process commit charge ("private bytes"): 52M, peak: 307M

vm_info: Java HotSpot(TM) 64-Bit Server VM (21.0.2+13-LTS-58) for windows-amd64 JRE (21.0.2+13-LTS-58), built on 2024-01-05T18:32:24Z by "mach5one" with MS VC++ 17.1 (VS2022)

END.
